<?xml version="1.0" encoding="UTF-8"?>
<testsuite name="com.mindmatrix.jalsanchaytracker.domain.usecase.CalculateWaterCollectedUseCaseTest" tests="1" skipped="0" failures="0" errors="0" timestamp="2026-05-04T13:50:57.980Z" hostname="MOHAMMEDRASHEED" time="0.004">
  <properties/>
  <testcase name="calculatesWaterCollectedInLiters" classname="com.mindmatrix.jalsanchaytracker.domain.usecase.CalculateWaterCollectedUseCaseTest" time="0.004"/>
  <system-out><![CDATA[]]></system-out>
  <system-err><![CDATA[]]></system-err>
</testsuite>
